17:15:39 **** Incremental Build of configuration Nios II for project mazer ****
make all 
Info: Building ../mazer_bsp/
C:/intelFPGA_lite/18.0/nios2eds/bin/gnu/H-x86_64-mingw32/bin/make --no-print-directory -C ../mazer_bsp/
[BSP build complete]
Info: Compiling hello_world_small.c to obj/default/hello_world_small.o
nios2-elf-gcc -xc -MP -MMD -c -I../mazer_bsp//HAL/inc -I../mazer_bsp/ -I../mazer_bsp//drivers/inc  -pipe -D__hal__ -DALT_NO_C_PLUS_PLUS -DALT_NO_CLEAN_EXIT -D'exit(a)=_exit(a)' -DALT_NO_EXIT -DALT_USE_DIRECT_DRIVERS -DALT_NO_INSTRUCTION_EMULATION -DALT_USE_SMALL_DRIVERS -DSMALL_C_LIB -DALT_SINGLE_THREADED    -Os -g -Wall   -mno-hw-div -mno-hw-mul -mno-hw-mulx -mgpopt=global  -o obj/default/hello_world_small.o hello_world_small.c
hello_world_small.c: In function 'main':
hello_world_small.c:106:6: warning: implicit declaration of function 'printf' [-Wimplicit-function-declaration]
      printf("%d|%d|%d\n",movingAVGx(x_read),movingAVGy(y_read),((button&0x01) == 0));
      ^
hello_world_small.c:106:6: warning: incompatible implicit declaration of built-in function 'printf'
hello_world_small.c:106:6: note: include '<stdio.h>' or provide a declaration of 'printf'
hello_world_small.c:82:9: warning: unused variable 'z_read' [-Wunused-variable]
  alt_32 z_read;
         ^
Info: Linking mazer.elf
nios2-elf-g++  -T'../mazer_bsp//linker.x' -msys-crt0='../mazer_bsp//obj/HAL/src/crt0.o' -msys-lib=hal_bsp -L../mazer_bsp/  -msmallc  -Wl,-Map=mazer.map   -Os -g -Wall   -mno-hw-div -mno-hw-mul -mno-hw-mulx -mgpopt=global  -o mazer.elf obj/default/hello_world_small.o -lm -msys-lib=m
nios2-elf-insert mazer.elf --thread_model hal --cpu_name cpu --qsys true --simulation_enabled false --stderr_dev jtag_uart --stdin_dev jtag_uart --stdout_dev jtag_uart --sopc_system_name maze_accelerometer --quartus_project_dir "C:/Users/Bardia/Documents/GitHub/infoprog-cw/Lab3-Accelerometer/Golden_Top" --jdi C:/Users/Bardia/Documents/GitHub/infoprog-cw/Lab3-Accelerometer/Golden_Top/software/mazer_bsp/../../DE10_LITE_Golden_Top.jdi --sopcinfo C:/Users/Bardia/Documents/GitHub/infoprog-cw/Lab3-Accelerometer/Golden_Top/software/mazer_bsp/../../maze_accelerometer.sopcinfo
Info: (mazer.elf) 5592 Bytes program size (code + initialized data).
Info:             58 KBytes free for stack + heap.
Info: Creating mazer.objdump
nios2-elf-objdump --disassemble --syms --all-header --source mazer.elf >mazer.objdump
[mazer build complete]
17:15:52 **** Build of configuration Nios II for project mazer ****
make all 
Info: Building ../mazer_bsp/
C:/intelFPGA_lite/18.0/nios2eds/bin/gnu/H-x86_64-mingw32/bin/make --no-print-directory -C ../mazer_bsp/
[BSP build complete]
[mazer build complete]
17:15:54 **** Incremental Build of configuration Nios II for project mazer ****
make all 
Info: Building ../mazer_bsp/
C:/intelFPGA_lite/18.0/nios2eds/bin/gnu/H-x86_64-mingw32/bin/make --no-print-directory -C ../mazer_bsp/
[BSP build complete]
[mazer build complete]
